[ 2017-05-13T11:03:21+08:00 ] 0.0.0.0 /think_message/index.php/Login/login
INFO: [ route_check ] --START--
INFO: Run CheckRoute Behavior [ RunTime:0.057244s ]
INFO: [ route_check ] --END-- [ RunTime:0.057427s ]
INFO: [ app_begin ] --START--
INFO: Run ReadHtmlCache Behavior [ RunTime:0.001256s ]
INFO: [ app_begin ] --END-- [ RunTime:0.001421s ]
INFO: [ view_template ] --START--
INFO: Run LocationTemplate Behavior [ RunTime:0.042754s ]
INFO: [ view_template ] --END-- [ RunTime:0.042940s ]
INFO: [ view_parse ] --START--
INFO: Run ParseTemplate Behavior [ RunTime:0.306718s ]
INFO: [ view_parse ] --END-- [ RunTime:0.306878s ]
INFO: [ view_filter ] --START--
INFO: Run ContentReplace Behavior [ RunTime:0.031816s ]
INFO: Run TokenBuild Behavior [ RunTime:0.018804s ]
INFO: Run WriteHtmlCache Behavior [ RunTime:0.015142s ]
INFO: Run ShowRuntime Behavior [ RunTime:0.017139s ]
INFO: [ view_filter ] --END-- [ RunTime:0.083194s ]
INFO: [ view_end ] --START--
INFO: Run ShowPageTrace Behavior [ RunTime:0.021468s ]
INFO: [ view_end ] --END-- [ RunTime:0.021542s ]

[ 2017-05-13T11:03:21+08:00 ] 0.0.0.0 /think_message/index.php/Public/code
INFO: [ route_check ] --START--
INFO: Run CheckRoute Behavior [ RunTime:0.000660s ]
INFO: [ route_check ] --END-- [ RunTime:0.000739s ]
INFO: [ app_begin ] --START--
INFO: Run ReadHtmlCache Behavior [ RunTime:0.000452s ]
INFO: [ app_begin ] --END-- [ RunTime:0.000517s ]

[ 2017-05-13T11:03:27+08:00 ] 0.0.0.0 /think_message/index.php/Register/reg
INFO: [ route_check ] --START--
INFO: Run CheckRoute Behavior [ RunTime:0.002274s ]
INFO: [ route_check ] --END-- [ RunTime:0.002519s ]
INFO: [ app_begin ] --START--
INFO: Run ReadHtmlCache Behavior [ RunTime:0.001622s ]
INFO: [ app_begin ] --END-- [ RunTime:0.001850s ]
INFO: [ view_template ] --START--
INFO: Run LocationTemplate Behavior [ RunTime:0.016714s ]
INFO: [ view_template ] --END-- [ RunTime:0.016903s ]
INFO: [ view_parse ] --START--
INFO: Run ParseTemplate Behavior [ RunTime:0.078739s ]
INFO: [ view_parse ] --END-- [ RunTime:0.078971s ]
INFO: [ view_filter ] --START--
INFO: Run ContentReplace Behavior [ RunTime:0.001337s ]
INFO: Run TokenBuild Behavior [ RunTime:0.001259s ]
INFO: Run WriteHtmlCache Behavior [ RunTime:0.000980s ]
INFO: Run ShowRuntime Behavior [ RunTime:0.001456s ]
INFO: [ view_filter ] --END-- [ RunTime:0.005569s ]
INFO: [ view_end ] --START--
INFO: Run ShowPageTrace Behavior [ RunTime:0.001920s ]
INFO: [ view_end ] --END-- [ RunTime:0.002127s ]

[ 2017-05-13T11:03:27+08:00 ] 0.0.0.0 /think_message/index.php/Public/code?$w=70&$h=10
INFO: [ route_check ] --START--
INFO: Run CheckRoute Behavior [ RunTime:0.001491s ]
INFO: [ route_check ] --END-- [ RunTime:0.001634s ]
INFO: [ app_begin ] --START--
INFO: Run ReadHtmlCache Behavior [ RunTime:0.000778s ]
INFO: [ app_begin ] --END-- [ RunTime:0.000884s ]

[ 2017-05-13T11:04:45+08:00 ] 0.0.0.0 /think_message/index.php/Public/code?0.33147238520905375
INFO: [ route_check ] --START--
INFO: Run CheckRoute Behavior [ RunTime:0.002310s ]
INFO: [ route_check ] --END-- [ RunTime:0.002389s ]
INFO: [ app_begin ] --START--
INFO: Run ReadHtmlCache Behavior [ RunTime:0.003451s ]
INFO: [ app_begin ] --END-- [ RunTime:0.003568s ]

[ 2017-05-13T11:04:49+08:00 ] 0.0.0.0 /think_message/index.php/Login/doLogin
INFO: [ route_check ] --START--
INFO: Run CheckRoute Behavior [ RunTime:0.002051s ]
INFO: [ route_check ] --END-- [ RunTime:0.002139s ]
INFO: [ app_begin ] --START--
INFO: Run ReadHtmlCache Behavior [ RunTime:0.002024s ]
INFO: [ app_begin ] --END-- [ RunTime:0.002121s ]
SQL: SHOW COLUMNS FROM `tp_user` [ RunTime:0.028398s ]
SQL: SELECT `id` FROM `tp_user` WHERE ( `username` = 'ztz123' ) AND ( `password` = '123' ) LIMIT 1   [ RunTime:0.000588s ]
INFO: [ view_template ] --START--
INFO: Run LocationTemplate Behavior [ RunTime:0.007686s ]
INFO: [ view_template ] --END-- [ RunTime:0.007886s ]
INFO: [ view_parse ] --START--
INFO: Run ParseTemplate Behavior [ RunTime:0.036657s ]
INFO: [ view_parse ] --END-- [ RunTime:0.036949s ]
INFO: [ view_filter ] --START--
INFO: Run ContentReplace Behavior [ RunTime:0.006688s ]
INFO: Run TokenBuild Behavior [ RunTime:0.006916s ]
INFO: Run WriteHtmlCache Behavior [ RunTime:0.005321s ]
INFO: Run ShowRuntime Behavior [ RunTime:0.004802s ]
INFO: [ view_filter ] --END-- [ RunTime:0.024197s ]
INFO: [ view_end ] --START--
INFO: Run ShowPageTrace Behavior [ RunTime:0.006420s ]
INFO: [ view_end ] --END-- [ RunTime:0.006825s ]

[ 2017-05-13T11:04:51+08:00 ] 0.0.0.0 /think_message/index.php/Index/index
INFO: [ route_check ] --START--
INFO: Run CheckRoute Behavior [ RunTime:0.005928s ]
INFO: [ route_check ] --END-- [ RunTime:0.006177s ]
INFO: [ app_begin ] --START--
INFO: Run ReadHtmlCache Behavior [ RunTime:0.005774s ]
INFO: [ app_begin ] --END-- [ RunTime:0.005982s ]
INFO: [ view_template ] --START--
INFO: Run LocationTemplate Behavior [ RunTime:0.009968s ]
INFO: [ view_template ] --END-- [ RunTime:0.010267s ]
INFO: [ view_parse ] --START--
INFO: Run ParseTemplate Behavior [ RunTime:0.071096s ]
INFO: [ view_parse ] --END-- [ RunTime:0.071303s ]
INFO: [ view_filter ] --START--
INFO: Run ContentReplace Behavior [ RunTime:0.005285s ]
INFO: Run TokenBuild Behavior [ RunTime:0.004470s ]
INFO: Run WriteHtmlCache Behavior [ RunTime:0.006204s ]
INFO: Run ShowRuntime Behavior [ RunTime:0.007456s ]
INFO: [ view_filter ] --END-- [ RunTime:0.023881s ]
INFO: [ view_end ] --START--
INFO: Run ShowPageTrace Behavior [ RunTime:0.005892s ]
INFO: [ view_end ] --END-- [ RunTime:0.006038s ]

[ 2017-05-13T11:04:51+08:00 ] 0.0.0.0 /think_message/index.php/Index/top
INFO: [ route_check ] --START--
INFO: Run CheckRoute Behavior [ RunTime:0.003089s ]
INFO: [ route_check ] --END-- [ RunTime:0.003204s ]
INFO: [ app_begin ] --START--
INFO: Run ReadHtmlCache Behavior [ RunTime:0.002340s ]
INFO: [ app_begin ] --END-- [ RunTime:0.002530s ]
INFO: [ view_template ] --START--
INFO: Run LocationTemplate Behavior [ RunTime:0.003665s ]
INFO: [ view_template ] --END-- [ RunTime:0.003750s ]
INFO: [ view_parse ] --START--
INFO: Run ParseTemplate Behavior [ RunTime:0.028015s ]
INFO: [ view_parse ] --END-- [ RunTime:0.028099s ]
INFO: [ view_filter ] --START--
INFO: Run ContentReplace Behavior [ RunTime:0.001829s ]
INFO: Run TokenBuild Behavior [ RunTime:0.001766s ]
INFO: Run WriteHtmlCache Behavior [ RunTime:0.001658s ]
INFO: Run ShowRuntime Behavior [ RunTime:0.001780s ]
INFO: [ view_filter ] --END-- [ RunTime:0.007218s ]
INFO: [ view_end ] --START--
INFO: Run ShowPageTrace Behavior [ RunTime:0.002026s ]
INFO: [ view_end ] --END-- [ RunTime:0.002084s ]

[ 2017-05-13T11:04:52+08:00 ] 0.0.0.0 /think_message/index.php/Index/left
INFO: [ route_check ] --START--
INFO: Run CheckRoute Behavior [ RunTime:0.002766s ]
INFO: [ route_check ] --END-- [ RunTime:0.002897s ]
INFO: [ app_begin ] --START--
INFO: Run ReadHtmlCache Behavior [ RunTime:0.003345s ]
INFO: [ app_begin ] --END-- [ RunTime:0.003467s ]
SQL: SHOW COLUMNS FROM `tp_message` [ RunTime:0.081167s ]
SQL: SELECT COUNT(*) AS tp_count FROM `tp_message` LIMIT 1   [ RunTime:0.000493s ]
SQL: SELECT * FROM `tp_message` LIMIT 0,2   [ RunTime:0.000596s ]
SQL: SHOW COLUMNS FROM `tp_user` [ RunTime:0.017373s ]
SQL: SELECT `username` FROM `tp_user` WHERE ( 1=1 AND id='8' ) LIMIT 1   [ RunTime:0.037337s ]
SQL: SELECT `username` FROM `tp_user` WHERE ( 1=1 AND id='8' ) LIMIT 1   [ RunTime:0.000579s ]
INFO: [ view_template ] --START--
INFO: Run LocationTemplate Behavior [ RunTime:0.020922s ]
INFO: [ view_template ] --END-- [ RunTime:0.021091s ]
INFO: [ view_parse ] --START--
INFO: Run ParseTemplate Behavior [ RunTime:0.046148s ]
INFO: [ view_parse ] --END-- [ RunTime:0.046293s ]
INFO: [ view_filter ] --START--
INFO: Run ContentReplace Behavior [ RunTime:0.001744s ]
INFO: Run TokenBuild Behavior [ RunTime:0.001710s ]
INFO: Run WriteHtmlCache Behavior [ RunTime:0.001561s ]
INFO: Run ShowRuntime Behavior [ RunTime:0.002772s ]
INFO: [ view_filter ] --END-- [ RunTime:0.007969s ]
INFO: [ view_end ] --START--
INFO: Run ShowPageTrace Behavior [ RunTime:0.002384s ]
INFO: [ view_end ] --END-- [ RunTime:0.002470s ]

[ 2017-05-13T11:04:52+08:00 ] 0.0.0.0 /think_message/index.php/Index/right
INFO: [ route_check ] --START--
INFO: Run CheckRoute Behavior [ RunTime:0.002884s ]
INFO: [ route_check ] --END-- [ RunTime:0.003034s ]
INFO: [ app_begin ] --START--
INFO: Run ReadHtmlCache Behavior [ RunTime:0.002959s ]
INFO: [ app_begin ] --END-- [ RunTime:0.003090s ]
INFO: [ view_template ] --START--
INFO: Run LocationTemplate Behavior [ RunTime:0.003131s ]
INFO: [ view_template ] --END-- [ RunTime:0.003259s ]
INFO: [ view_parse ] --START--
INFO: Run ParseTemplate Behavior [ RunTime:0.037128s ]
INFO: [ view_parse ] --END-- [ RunTime:0.037432s ]
INFO: [ view_filter ] --START--
INFO: Run ContentReplace Behavior [ RunTime:0.002044s ]
INFO: Run TokenBuild Behavior [ RunTime:0.002713s ]
INFO: Run WriteHtmlCache Behavior [ RunTime:0.002904s ]
INFO: Run ShowRuntime Behavior [ RunTime:0.003979s ]
INFO: [ view_filter ] --END-- [ RunTime:0.012291s ]
INFO: [ view_end ] --START--
INFO: Run ShowPageTrace Behavior [ RunTime:0.004611s ]
INFO: [ view_end ] --END-- [ RunTime:0.004712s ]

[ 2017-05-13T11:05:25+08:00 ] 0.0.0.0 /think_message/index.php/Message/doMess
INFO: [ route_check ] --START--
INFO: Run CheckRoute Behavior [ RunTime:0.002344s ]
INFO: [ route_check ] --END-- [ RunTime:0.002445s ]
INFO: [ app_begin ] --START--
INFO: Run ReadHtmlCache Behavior [ RunTime:0.002106s ]
INFO: [ app_begin ] --END-- [ RunTime:0.002173s ]
SQL: SHOW COLUMNS FROM `tp_message` [ RunTime:0.027035s ]
NOTIC: [8] Use of undefined constant id - assumed 'id' D:\phpStudy\WWW\think_message\Home\Lib\Model\MessageModel.class.php 第 22 行.
SQL: INSERT INTO `tp_message` (`title`,`content`,`time`,`uid`,`filename`) VALUES ('liuyan','留言内容',1494644725,'9','591677f5a3aa7.gif') [ RunTime:0.011904s ]
INFO: [ view_template ] --START--
INFO: Run LocationTemplate Behavior [ RunTime:0.002934s ]
INFO: [ view_template ] --END-- [ RunTime:0.003002s ]
INFO: [ view_parse ] --START--
INFO: Run ParseTemplate Behavior [ RunTime:0.013835s ]
INFO: [ view_parse ] --END-- [ RunTime:0.013937s ]
INFO: [ view_filter ] --START--
INFO: Run ContentReplace Behavior [ RunTime:0.001789s ]
INFO: Run TokenBuild Behavior [ RunTime:0.001778s ]
INFO: Run WriteHtmlCache Behavior [ RunTime:0.001616s ]
INFO: Run ShowRuntime Behavior [ RunTime:0.001770s ]
INFO: [ view_filter ] --END-- [ RunTime:0.007126s ]
INFO: [ view_end ] --START--
INFO: Run ShowPageTrace Behavior [ RunTime:0.001877s ]
INFO: [ view_end ] --END-- [ RunTime:0.001929s ]

[ 2017-05-13T11:05:26+08:00 ] 0.0.0.0 /think_message/index.php/Index/right
INFO: [ route_check ] --START--
INFO: Run CheckRoute Behavior [ RunTime:0.003287s ]
INFO: [ route_check ] --END-- [ RunTime:0.003400s ]
INFO: [ app_begin ] --START--
INFO: Run ReadHtmlCache Behavior [ RunTime:0.002929s ]
INFO: [ app_begin ] --END-- [ RunTime:0.003043s ]
INFO: [ view_template ] --START--
INFO: Run LocationTemplate Behavior [ RunTime:0.004487s ]
INFO: [ view_template ] --END-- [ RunTime:0.004592s ]
INFO: [ view_parse ] --START--
INFO: Run ParseTemplate Behavior [ RunTime:0.020356s ]
INFO: [ view_parse ] --END-- [ RunTime:0.020474s ]
INFO: [ view_filter ] --START--
INFO: Run ContentReplace Behavior [ RunTime:0.002767s ]
INFO: Run TokenBuild Behavior [ RunTime:0.002748s ]
INFO: Run WriteHtmlCache Behavior [ RunTime:0.003466s ]
INFO: Run ShowRuntime Behavior [ RunTime:0.002866s ]
INFO: [ view_filter ] --END-- [ RunTime:0.012101s ]
INFO: [ view_end ] --START--
INFO: Run ShowPageTrace Behavior [ RunTime:0.003506s ]
INFO: [ view_end ] --END-- [ RunTime:0.003601s ]

[ 2017-05-13T11:05:38+08:00 ] 0.0.0.0 /think_message/index.php/Index/left/p/2
INFO: [ route_check ] --START--
INFO: Run CheckRoute Behavior [ RunTime:0.002350s ]
INFO: [ route_check ] --END-- [ RunTime:0.002434s ]
INFO: [ app_begin ] --START--
INFO: Run ReadHtmlCache Behavior [ RunTime:0.002114s ]
INFO: [ app_begin ] --END-- [ RunTime:0.002197s ]
SQL: SHOW COLUMNS FROM `tp_message` [ RunTime:0.011487s ]
SQL: SELECT COUNT(*) AS tp_count FROM `tp_message` LIMIT 1   [ RunTime:0.000393s ]
SQL: SELECT * FROM `tp_message` LIMIT 2,2   [ RunTime:0.000316s ]
SQL: SHOW COLUMNS FROM `tp_user` [ RunTime:0.058316s ]
SQL: SELECT `username` FROM `tp_user` WHERE ( 1=1 AND id='8' ) LIMIT 1   [ RunTime:0.000596s ]
SQL: SELECT `username` FROM `tp_user` WHERE ( 1=1 AND id='9' ) LIMIT 1   [ RunTime:0.000550s ]
INFO: [ view_template ] --START--
INFO: Run LocationTemplate Behavior [ RunTime:0.008490s ]
INFO: [ view_template ] --END-- [ RunTime:0.008649s ]
INFO: [ view_parse ] --START--
INFO: Run ParseTemplate Behavior [ RunTime:0.034345s ]
INFO: [ view_parse ] --END-- [ RunTime:0.034506s ]
INFO: [ view_filter ] --START--
INFO: Run ContentReplace Behavior [ RunTime:0.002976s ]
INFO: Run TokenBuild Behavior [ RunTime:0.002783s ]
INFO: Run WriteHtmlCache Behavior [ RunTime:0.002802s ]
INFO: Run ShowRuntime Behavior [ RunTime:0.004001s ]
INFO: [ view_filter ] --END-- [ RunTime:0.012892s ]
INFO: [ view_end ] --START--
INFO: Run ShowPageTrace Behavior [ RunTime:0.004936s ]
INFO: [ view_end ] --END-- [ RunTime:0.005078s ]

[ 2017-05-13T11:05:51+08:00 ] 0.0.0.0 /think_message/index.php/Index/index
INFO: [ route_check ] --START--
INFO: Run CheckRoute Behavior [ RunTime:0.002189s ]
INFO: [ route_check ] --END-- [ RunTime:0.002275s ]
INFO: [ app_begin ] --START--
INFO: Run ReadHtmlCache Behavior [ RunTime:0.001857s ]
INFO: [ app_begin ] --END-- [ RunTime:0.001931s ]
INFO: [ view_template ] --START--
INFO: Run LocationTemplate Behavior [ RunTime:0.002790s ]
INFO: [ view_template ] --END-- [ RunTime:0.002852s ]
INFO: [ view_parse ] --START--
INFO: Run ParseTemplate Behavior [ RunTime:0.012830s ]
INFO: [ view_parse ] --END-- [ RunTime:0.012906s ]
INFO: [ view_filter ] --START--
INFO: Run ContentReplace Behavior [ RunTime:0.001766s ]
INFO: Run TokenBuild Behavior [ RunTime:0.001736s ]
INFO: Run WriteHtmlCache Behavior [ RunTime:0.001672s ]
INFO: Run ShowRuntime Behavior [ RunTime:0.001775s ]
INFO: [ view_filter ] --END-- [ RunTime:0.007100s ]
INFO: [ view_end ] --START--
INFO: Run ShowPageTrace Behavior [ RunTime:0.002034s ]
INFO: [ view_end ] --END-- [ RunTime:0.002098s ]

[ 2017-05-13T11:05:52+08:00 ] 0.0.0.0 /think_message/index.php/Index/left
INFO: [ route_check ] --START--
INFO: Run CheckRoute Behavior [ RunTime:0.001923s ]
INFO: [ route_check ] --END-- [ RunTime:0.002042s ]
INFO: [ app_begin ] --START--
INFO: Run ReadHtmlCache Behavior [ RunTime:0.001687s ]
INFO: [ app_begin ] --END-- [ RunTime:0.001801s ]
SQL: SHOW COLUMNS FROM `tp_message` [ RunTime:0.073425s ]
SQL: SELECT COUNT(*) AS tp_count FROM `tp_message` LIMIT 1   [ RunTime:0.000539s ]
SQL: SELECT * FROM `tp_message` LIMIT 0,2   [ RunTime:0.000655s ]
SQL: SHOW COLUMNS FROM `tp_user` [ RunTime:0.018139s ]
SQL: SELECT `username` FROM `tp_user` WHERE ( 1=1 AND id='8' ) LIMIT 1   [ RunTime:0.000722s ]
SQL: SELECT `username` FROM `tp_user` WHERE ( 1=1 AND id='8' ) LIMIT 1   [ RunTime:0.000536s ]
INFO: [ view_template ] --START--
INFO: Run LocationTemplate Behavior [ RunTime:0.005221s ]
INFO: [ view_template ] --END-- [ RunTime:0.005466s ]
INFO: [ view_parse ] --START--
INFO: Run ParseTemplate Behavior [ RunTime:0.024876s ]
INFO: [ view_parse ] --END-- [ RunTime:0.025173s ]
INFO: [ view_filter ] --START--
INFO: Run ContentReplace Behavior [ RunTime:0.002281s ]
INFO: Run TokenBuild Behavior [ RunTime:0.001792s ]
INFO: Run WriteHtmlCache Behavior [ RunTime:0.001274s ]
INFO: Run ShowRuntime Behavior [ RunTime:0.001454s ]
INFO: [ view_filter ] --END-- [ RunTime:0.007143s ]
INFO: [ view_end ] --START--
INFO: Run ShowPageTrace Behavior [ RunTime:0.001319s ]
INFO: [ view_end ] --END-- [ RunTime:0.001398s ]

[ 2017-05-13T11:05:52+08:00 ] 0.0.0.0 /think_message/index.php/Index/right
INFO: [ route_check ] --START--
INFO: Run CheckRoute Behavior [ RunTime:0.001906s ]
INFO: [ route_check ] --END-- [ RunTime:0.001997s ]
INFO: [ app_begin ] --START--
INFO: Run ReadHtmlCache Behavior [ RunTime:0.001713s ]
INFO: [ app_begin ] --END-- [ RunTime:0.001825s ]
INFO: [ view_template ] --START--
INFO: Run LocationTemplate Behavior [ RunTime:0.003186s ]
INFO: [ view_template ] --END-- [ RunTime:0.003335s ]
INFO: [ view_parse ] --START--
INFO: Run ParseTemplate Behavior [ RunTime:0.020655s ]
INFO: [ view_parse ] --END-- [ RunTime:0.020915s ]
INFO: [ view_filter ] --START--
INFO: Run ContentReplace Behavior [ RunTime:0.003102s ]
INFO: Run TokenBuild Behavior [ RunTime:0.002292s ]
INFO: Run WriteHtmlCache Behavior [ RunTime:0.001245s ]
INFO: Run ShowRuntime Behavior [ RunTime:0.001170s ]
INFO: [ view_filter ] --END-- [ RunTime:0.008188s ]
INFO: [ view_end ] --START--
INFO: Run ShowPageTrace Behavior [ RunTime:0.001295s ]
INFO: [ view_end ] --END-- [ RunTime:0.001368s ]

[ 2017-05-13T11:05:52+08:00 ] 0.0.0.0 /think_message/index.php/Index/top
INFO: [ route_check ] --START--
INFO: Run CheckRoute Behavior [ RunTime:0.002080s ]
INFO: [ route_check ] --END-- [ RunTime:0.002168s ]
INFO: [ app_begin ] --START--
INFO: Run ReadHtmlCache Behavior [ RunTime:0.001880s ]
INFO: [ app_begin ] --END-- [ RunTime:0.001963s ]
INFO: [ view_template ] --START--
INFO: Run LocationTemplate Behavior [ RunTime:0.008386s ]
INFO: [ view_template ] --END-- [ RunTime:0.008579s ]
INFO: [ view_parse ] --START--
INFO: Run ParseTemplate Behavior [ RunTime:0.025538s ]
INFO: [ view_parse ] --END-- [ RunTime:0.025761s ]
INFO: [ view_filter ] --START--
INFO: Run ContentReplace Behavior [ RunTime:0.002865s ]
INFO: Run TokenBuild Behavior [ RunTime:0.002634s ]
INFO: Run WriteHtmlCache Behavior [ RunTime:0.003090s ]
INFO: Run ShowRuntime Behavior [ RunTime:0.002981s ]
INFO: [ view_filter ] --END-- [ RunTime:0.011958s ]
INFO: [ view_end ] --START--
INFO: Run ShowPageTrace Behavior [ RunTime:0.002902s ]
INFO: [ view_end ] --END-- [ RunTime:0.003000s ]

[ 2017-05-13T11:05:56+08:00 ] 0.0.0.0 /think_message/index.php/Index/left/p/3
INFO: [ route_check ] --START--
INFO: Run CheckRoute Behavior [ RunTime:0.002327s ]
INFO: [ route_check ] --END-- [ RunTime:0.002412s ]
INFO: [ app_begin ] --START--
INFO: Run ReadHtmlCache Behavior [ RunTime:0.002124s ]
INFO: [ app_begin ] --END-- [ RunTime:0.002208s ]
SQL: SHOW COLUMNS FROM `tp_message` [ RunTime:0.065970s ]
SQL: SELECT COUNT(*) AS tp_count FROM `tp_message` LIMIT 1   [ RunTime:0.000436s ]
SQL: SELECT * FROM `tp_message` LIMIT 4,2   [ RunTime:0.000499s ]
SQL: SHOW COLUMNS FROM `tp_user` [ RunTime:0.037410s ]
SQL: SELECT `username` FROM `tp_user` WHERE ( 1=1 AND id='9' ) LIMIT 1   [ RunTime:0.000640s ]
INFO: [ view_template ] --START--
INFO: Run LocationTemplate Behavior [ RunTime:0.007568s ]
INFO: [ view_template ] --END-- [ RunTime:0.007722s ]
INFO: [ view_parse ] --START--
INFO: Run ParseTemplate Behavior [ RunTime:0.046787s ]
INFO: [ view_parse ] --END-- [ RunTime:0.047038s ]
INFO: [ view_filter ] --START--
INFO: Run ContentReplace Behavior [ RunTime:0.005964s ]
INFO: Run TokenBuild Behavior [ RunTime:0.005329s ]
INFO: Run WriteHtmlCache Behavior [ RunTime:0.005647s ]
INFO: Run ShowRuntime Behavior [ RunTime:0.007838s ]
INFO: [ view_filter ] --END-- [ RunTime:0.025337s ]
INFO: [ view_end ] --START--
INFO: Run ShowPageTrace Behavior [ RunTime:0.007153s ]
INFO: [ view_end ] --END-- [ RunTime:0.007365s ]

